[2021-01-20 20:53:39,607] utils.py: INFO     get page link https://www.reddit.com/top/?t=month
[2021-01-20 20:53:41,484] utils.py: INFO     find all posts and their links
[2021-01-20 20:53:41,484] utils.py: INFO     find all users and their links
[2021-01-20 20:53:50,215] utils.py: INFO     user data received
[2021-01-20 20:53:50,215] utils.py: INFO     post data received
[2021-01-20 20:53:50,238] utils.py: INFO     the link #1 are valid
[2021-01-20 20:53:56,878] utils.py: INFO     user data received
[2021-01-20 20:53:56,879] utils.py: INFO     post data received
[2021-01-20 20:53:56,900] utils.py: INFO     the link #2 are valid
[2021-01-20 20:55:55,342] utils.py: INFO     get page link https://www.reddit.com/top/?t=month
[2021-01-20 20:56:17,643] utils.py: INFO     get page link https://www.reddit.com/top/?t=month
[2021-01-20 20:56:19,095] utils.py: INFO     find all posts and their links
[2021-01-20 20:56:19,095] utils.py: INFO     find all users and their links
[2021-01-20 22:26:43,366] utils.py: INFO     get page link https://www.reddit.com/top/?t=month
[2021-01-20 22:26:45,150] utils.py: INFO     find all posts and their links
[2021-01-20 22:26:45,150] utils.py: INFO     find all users and their links
[2021-01-20 22:26:52,289] utils.py: INFO     user data received
[2021-01-20 22:26:52,289] utils.py: INFO     post data received
[2021-01-20 22:26:52,313] utils.py: INFO     the link #1 are valid
[2021-01-20 22:27:01,492] utils.py: INFO     user data received
[2021-01-20 22:27:01,492] utils.py: INFO     post data received
[2021-01-20 22:27:01,517] utils.py: INFO     the link #2 are valid
[2021-01-20 22:27:15,021] utils.py: INFO     user data received
[2021-01-20 22:27:15,021] utils.py: INFO     post data received
[2021-01-20 22:27:15,030] utils.py: INFO     the link #3 are valid
[2021-01-20 22:27:16,169] utils.py: INFO     find all posts and their links
[2021-01-20 22:27:16,169] utils.py: INFO     find all users and their links
[2021-01-20 22:27:16,887] utils.py: INFO     find all posts and their links
[2021-01-20 22:27:16,887] utils.py: INFO     find all users and their links
[2021-01-20 22:27:17,533] utils.py: INFO     find all posts and their links
[2021-01-20 22:27:17,533] utils.py: INFO     find all users and their links
[2021-01-20 22:27:21,118] utils.py: INFO     find all posts and their links
[2021-01-20 22:27:21,299] utils.py: INFO     find all users and their links
[2021-01-20 22:27:23,225] utils.py: INFO     find all posts and their links
[2021-01-20 22:27:23,225] utils.py: INFO     find all users and their links
[2021-01-20 22:27:24,880] utils.py: INFO     find all posts and their links
[2021-01-20 22:27:24,880] utils.py: INFO     find all users and their links
[2021-01-20 22:27:28,216] utils.py: INFO     find all posts and their links
[2021-01-20 22:27:28,216] utils.py: INFO     find all users and their links
[2021-01-20 22:27:29,952] utils.py: INFO     find all posts and their links
[2021-01-20 22:27:30,070] utils.py: INFO     find all users and their links
[2021-01-20 22:27:33,556] utils.py: INFO     find all posts and their links
[2021-01-20 22:27:33,556] utils.py: INFO     find all users and their links
[2021-01-20 22:27:40,240] utils.py: INFO     find all posts and their links
[2021-01-20 22:27:40,271] utils.py: INFO     find all users and their links
[2021-01-20 22:27:44,516] utils.py: INFO     find all posts and their links
[2021-01-20 22:27:44,516] utils.py: INFO     find all users and their links
[2021-01-20 22:27:48,731] utils.py: INFO     find all posts and their links
[2021-01-20 22:27:48,731] utils.py: INFO     find all users and their links
[2021-01-20 22:27:52,823] utils.py: INFO     find all posts and their links
[2021-01-20 22:27:52,823] utils.py: INFO     find all users and their links
[2021-01-20 22:27:57,284] utils.py: INFO     find all posts and their links
[2021-01-20 22:27:57,285] utils.py: INFO     find all users and their links
[2021-01-20 22:28:03,582] utils.py: INFO     find all posts and their links
[2021-01-20 22:28:03,582] utils.py: INFO     find all users and their links
[2021-01-20 22:28:07,328] utils.py: INFO     find all posts and their links
[2021-01-20 22:28:07,329] utils.py: INFO     find all users and their links
[2021-01-20 22:28:17,041] utils.py: INFO     find all posts and their links
[2021-01-20 22:28:17,042] utils.py: INFO     find all users and their links
[2021-01-20 22:28:27,207] utils.py: INFO     find all posts and their links
[2021-01-20 22:28:27,208] utils.py: INFO     find all users and their links
[2021-01-20 22:28:33,758] utils.py: INFO     find all posts and their links
[2021-01-20 22:28:33,759] utils.py: INFO     find all users and their links
[2021-01-20 22:28:41,382] utils.py: INFO     find all posts and their links
[2021-01-20 22:28:41,382] utils.py: INFO     find all users and their links
[2021-01-20 22:28:48,792] utils.py: INFO     find all posts and their links
[2021-01-20 22:28:48,793] utils.py: INFO     find all users and their links
[2021-01-20 22:28:54,863] utils.py: INFO     find all posts and their links
[2021-01-20 22:28:54,863] utils.py: INFO     find all users and their links
[2021-01-20 22:29:14,052] utils.py: INFO     find all posts and their links
[2021-01-20 22:29:14,070] utils.py: INFO     find all users and their links
[2021-01-20 22:29:24,876] utils.py: INFO     find all posts and their links
[2021-01-20 22:29:24,876] utils.py: INFO     find all users and their links
[2021-01-20 22:30:48,994] utils.py: INFO     get page link https://www.reddit.com/top/?t=month
[2021-01-20 22:30:50,764] utils.py: INFO     find all posts and their links
[2021-01-20 22:30:50,764] utils.py: INFO     find all users and their links
[2021-01-20 22:31:02,421] utils.py: INFO     user data received
[2021-01-20 22:31:02,422] utils.py: INFO     post data received
[2021-01-20 22:31:02,458] utils.py: INFO     the link #1 are valid
[2021-01-20 22:31:11,081] utils.py: INFO     user data received
[2021-01-20 22:31:11,081] utils.py: INFO     post data received
[2021-01-20 22:31:11,104] utils.py: INFO     the link #2 are valid
[2021-01-20 22:31:17,705] utils.py: INFO     user data received
[2021-01-20 22:31:17,705] utils.py: INFO     post data received
[2021-01-20 22:31:17,723] utils.py: INFO     the link #3 are valid
[2021-01-20 22:31:24,655] utils.py: INFO     user data received
[2021-01-20 22:31:24,655] utils.py: INFO     post data received
[2021-01-20 22:31:24,673] utils.py: INFO     the link #4 are valid
[2021-01-20 22:31:37,683] utils.py: INFO     user data received
[2021-01-20 22:31:37,683] utils.py: INFO     post data received
[2021-01-20 22:31:37,704] utils.py: INFO     the link #5 are valid
[2021-01-20 22:31:52,613] utils.py: INFO     user data received
[2021-01-20 22:31:52,613] utils.py: INFO     post data received
[2021-01-20 22:31:52,638] utils.py: INFO     the link #6 are valid
[2021-01-20 22:32:04,354] utils.py: INFO     user data received
[2021-01-20 22:32:04,355] utils.py: INFO     post data received
[2021-01-20 22:32:04,394] utils.py: INFO     the link #7 are valid
[2021-01-20 22:32:14,036] utils.py: INFO     user data received
[2021-01-20 22:32:14,036] utils.py: INFO     post data received
[2021-01-20 22:32:14,057] utils.py: INFO     the link #8 are valid
[2021-01-20 22:32:21,886] utils.py: INFO     user data received
[2021-01-20 22:32:21,886] utils.py: INFO     post data received
[2021-01-20 22:32:21,897] utils.py: INFO     the link #9 are valid
[2021-01-20 22:32:34,014] utils.py: INFO     user data received
[2021-01-20 22:32:34,015] utils.py: INFO     post data received
[2021-01-20 22:32:34,045] utils.py: INFO     the link #10 are valid
[2021-01-21 21:27:28,302] utils.py: INFO     get page link https://www.reddit.com/top/?t=month
[2021-01-21 21:27:29,800] utils.py: INFO     find all posts and their links
[2021-01-21 21:27:29,800] utils.py: INFO     find all users and their links
[2021-01-21 21:27:36,049] utils.py: INFO     user data received
[2021-01-21 21:27:36,049] utils.py: INFO     post data received
[2021-01-21 21:27:36,081] utils.py: INFO     the link #1 are valid
[2021-01-21 21:27:41,843] utils.py: INFO     user data received
[2021-01-21 21:27:41,843] utils.py: INFO     post data received
[2021-01-21 21:27:41,875] utils.py: INFO     the link #2 are valid
[2021-01-21 21:27:48,212] utils.py: INFO     user data received
[2021-01-21 21:27:48,212] utils.py: INFO     post data received
[2021-01-21 21:27:48,246] utils.py: INFO     the link #3 are valid
[2021-01-21 21:27:54,585] utils.py: INFO     user data received
[2021-01-21 21:27:54,585] utils.py: INFO     post data received
[2021-01-21 21:27:54,614] utils.py: INFO     the link #4 are valid
[2021-01-21 21:28:01,973] utils.py: INFO     user data received
[2021-01-21 21:28:01,973] utils.py: INFO     post data received
[2021-01-21 21:28:02,009] utils.py: INFO     the link #5 are valid
[2021-01-21 21:28:09,190] utils.py: INFO     user data received
[2021-01-21 21:28:09,190] utils.py: INFO     post data received
[2021-01-21 21:28:09,223] utils.py: INFO     the link #6 are valid
[2021-01-21 21:28:16,929] utils.py: INFO     user data received
[2021-01-21 21:28:16,929] utils.py: INFO     post data received
[2021-01-21 21:28:16,945] utils.py: INFO     the link #7 are valid
[2021-01-21 21:28:24,552] utils.py: INFO     user data received
[2021-01-21 21:28:24,553] utils.py: INFO     post data received
[2021-01-21 21:28:24,572] utils.py: INFO     the link #8 are valid
[2021-01-21 21:28:34,159] utils.py: INFO     user data received
[2021-01-21 21:28:34,159] utils.py: INFO     post data received
[2021-01-21 21:28:34,199] utils.py: INFO     the link #9 are valid
[2021-01-21 21:28:42,472] utils.py: INFO     user data received
[2021-01-21 21:28:42,473] utils.py: INFO     post data received
[2021-01-21 21:28:42,512] utils.py: INFO     the link #10 are valid
[2021-01-22 00:59:46,073] utils.py: INFO     get page link https://www.reddit.com/top/?t=month
[2021-01-22 00:59:47,668] utils.py: INFO     find all posts and their links
[2021-01-22 00:59:47,668] utils.py: INFO     find all users and their links
[2021-01-22 00:59:55,222] utils.py: INFO     user data received
[2021-01-22 00:59:55,222] utils.py: INFO     post data received
[2021-01-22 00:59:55,261] utils.py: INFO     the link #1 are valid
[2021-01-22 01:00:00,870] utils.py: INFO     user data received
[2021-01-22 01:00:00,870] utils.py: INFO     post data received
[2021-01-22 01:00:00,908] utils.py: INFO     the link #2 are valid
[2021-01-22 01:00:12,028] utils.py: INFO     user data received
[2021-01-22 01:00:12,028] utils.py: INFO     post data received
[2021-01-22 01:00:12,069] utils.py: INFO     the link #3 are valid
[2021-01-22 01:00:25,715] utils.py: INFO     user data received
[2021-01-22 01:00:25,715] utils.py: INFO     post data received
[2021-01-22 01:00:25,755] utils.py: INFO     the link #4 are valid
[2021-01-22 01:00:35,267] utils.py: INFO     user data received
[2021-01-22 01:00:35,267] utils.py: INFO     post data received
[2021-01-22 01:00:35,309] utils.py: INFO     the link #5 are valid
[2021-01-22 01:00:41,590] utils.py: INFO     user data received
[2021-01-22 01:00:41,590] utils.py: INFO     post data received
[2021-01-22 01:00:41,629] utils.py: INFO     the link #6 are valid
[2021-01-22 01:00:48,397] utils.py: INFO     user data received
[2021-01-22 01:00:48,398] utils.py: INFO     post data received
[2021-01-22 01:00:48,435] utils.py: INFO     the link #7 are valid
[2021-01-22 01:00:53,188] utils.py: INFO     user data received
[2021-01-22 01:00:53,189] utils.py: INFO     post data received
[2021-01-22 01:00:53,211] utils.py: INFO     the link #8 are valid
[2021-01-22 01:01:05,622] utils.py: INFO     user data received
[2021-01-22 01:01:05,622] utils.py: INFO     post data received
[2021-01-22 01:01:05,670] utils.py: INFO     the link #9 are valid
[2021-01-22 01:01:14,577] utils.py: INFO     user data received
[2021-01-22 01:01:14,577] utils.py: INFO     post data received
[2021-01-22 01:01:14,627] utils.py: INFO     the link #10 are valid
[2021-01-22 01:04:14,215] utils.py: INFO     get page link https://www.reddit.com/top/?t=month
[2021-01-22 01:04:15,909] utils.py: INFO     find all posts and their links
[2021-01-22 01:04:15,910] utils.py: INFO     find all users and their links
[2021-01-22 01:04:23,136] utils.py: INFO     user data received
[2021-01-22 01:04:23,136] utils.py: INFO     post data received
[2021-01-22 01:04:23,251] utils.py: INFO     the link #1 are valid
[2021-01-22 11:50:05,260] utils.py: INFO     get page link https://www.reddit.com/top/?t=month
[2021-01-22 11:50:06,857] utils.py: INFO     find all posts and their links
[2021-01-22 11:50:06,858] utils.py: INFO     find all users and their links
[2021-01-22 11:50:12,738] utils.py: INFO     user data received
[2021-01-22 11:50:12,738] utils.py: INFO     post data received
[2021-01-22 11:50:12,776] utils.py: INFO     the link #1 are valid
[2021-01-22 11:53:02,150] utils.py: INFO     get page link https://www.reddit.com/top/?t=month
[2021-01-22 11:53:03,948] utils.py: INFO     find all posts and their links
[2021-01-22 11:53:03,948] utils.py: INFO     find all users and their links
[2021-01-22 11:53:09,523] utils.py: INFO     user data received
[2021-01-22 11:53:09,523] utils.py: INFO     post data received
[2021-01-22 11:53:09,670] utils.py: INFO     the link #1 are valid
[2021-01-22 11:56:34,177] utils.py: INFO     get page link https://www.reddit.com/top/?t=month
[2021-01-22 11:56:35,909] utils.py: INFO     find all posts and their links
[2021-01-22 11:56:35,909] utils.py: INFO     find all users and their links
[2021-01-22 11:56:41,724] utils.py: INFO     user data received
[2021-01-22 11:56:41,724] utils.py: INFO     post data received
[2021-01-22 11:56:41,867] utils.py: INFO     the link #1 are valid
[2021-01-22 11:57:38,717] utils.py: INFO     get page link https://www.reddit.com/top/?t=month
[2021-01-22 11:57:41,314] utils.py: INFO     find all posts and their links
[2021-01-22 11:57:41,314] utils.py: INFO     find all users and their links
[2021-01-22 11:57:47,583] utils.py: INFO     user data received
[2021-01-22 11:57:47,584] utils.py: INFO     post data received
[2021-01-22 11:57:47,751] utils.py: INFO     the link #1 are valid
[2021-01-22 12:04:51,189] utils.py: INFO     get page link https://www.reddit.com/top/?t=month
[2021-01-22 12:04:53,066] utils.py: INFO     find all posts and their links
[2021-01-22 12:04:53,066] utils.py: INFO     find all users and their links
[2021-01-22 12:04:58,790] utils.py: INFO     user data received
[2021-01-22 12:04:58,790] utils.py: INFO     post data received
[2021-01-22 12:04:58,937] utils.py: INFO     the link #1 are valid
[2021-01-22 12:14:31,800] utils.py: INFO     get page link https://www.reddit.com/top/?t=month
[2021-01-22 12:14:33,718] utils.py: INFO     find all posts and their links
[2021-01-22 12:14:33,718] utils.py: INFO     find all users and their links
[2021-01-22 12:14:39,129] utils.py: INFO     user data received
[2021-01-22 12:14:39,129] utils.py: INFO     post data received
[2021-01-22 12:14:39,269] utils.py: INFO     the link #1 are valid
[2021-01-22 14:39:17,424] utils.py: INFO     get page link https://www.reddit.com/top/?t=month
[2021-01-22 14:39:19,020] utils.py: INFO     find all posts and their links
[2021-01-22 14:39:19,020] utils.py: INFO     find all users and their links
[2021-01-22 14:39:25,295] utils.py: INFO     user data received
[2021-01-22 14:39:25,295] utils.py: INFO     post data received
[2021-01-22 14:39:25,331] utils.py: INFO     the link #1 are valid
[2021-01-22 14:41:50,686] utils.py: INFO     get page link https://www.reddit.com/top/?t=month
[2021-01-22 14:41:52,585] utils.py: INFO     find all posts and their links
[2021-01-22 14:41:52,586] utils.py: INFO     find all users and their links
[2021-01-22 14:41:58,300] utils.py: INFO     user data received
[2021-01-22 14:41:58,300] utils.py: INFO     post data received
[2021-01-22 14:41:58,343] utils.py: INFO     the link #1 are valid
[2021-01-22 14:42:04,260] utils.py: INFO     user data received
[2021-01-22 14:42:04,260] utils.py: INFO     post data received
[2021-01-22 14:42:04,308] utils.py: INFO     the link #2 are valid
[2021-01-22 14:42:10,244] utils.py: INFO     user data received
[2021-01-22 14:42:10,245] utils.py: INFO     post data received
[2021-01-22 14:42:10,289] utils.py: INFO     the link #3 are valid
[2021-01-22 14:45:24,352] utils.py: INFO     get page link https://www.reddit.com/top/?t=month
[2021-01-22 14:45:25,919] utils.py: INFO     find all posts and their links
[2021-01-22 14:45:25,919] utils.py: INFO     find all users and their links
[2021-01-22 14:45:32,090] utils.py: INFO     user data received
[2021-01-22 14:45:32,091] utils.py: INFO     post data received
[2021-01-22 14:45:32,138] utils.py: INFO     the link #1 are valid
[2021-01-22 14:45:37,020] utils.py: INFO     user data received
[2021-01-22 14:45:37,020] utils.py: INFO     post data received
[2021-01-22 14:45:37,065] utils.py: INFO     the link #2 are valid
[2021-01-22 14:45:42,141] utils.py: INFO     user data received
[2021-01-22 14:45:42,141] utils.py: INFO     post data received
[2021-01-22 14:45:42,184] utils.py: INFO     the link #3 are valid
[2021-01-22 14:47:23,334] utils.py: INFO     get page link https://www.reddit.com/top/?t=month
[2021-01-22 14:47:24,874] utils.py: INFO     find all posts and their links
[2021-01-22 14:47:24,874] utils.py: INFO     find all users and their links
[2021-01-22 14:47:32,583] utils.py: INFO     user data received
[2021-01-22 14:47:32,584] utils.py: INFO     post data received
[2021-01-22 14:47:32,624] utils.py: INFO     the link #1 are valid
[2021-01-22 14:47:39,949] utils.py: INFO     user data received
[2021-01-22 14:47:39,949] utils.py: INFO     post data received
[2021-01-22 14:47:39,989] utils.py: INFO     the link #2 are valid
[2021-01-22 14:47:46,695] utils.py: INFO     user data received
[2021-01-22 14:47:46,695] utils.py: INFO     post data received
[2021-01-22 14:47:46,737] utils.py: INFO     the link #3 are valid
